<?xml version="1.0" encoding="UTF-8"?>
<testsuite xmlns:xsi="http://www.w3.org/2001/XMLSchema-instance" xsi:noNamespaceSchemaLocation="https://maven.apache.org/surefire/maven-surefire-plugin/xsd/surefire-test-report.xsd" name="uk.ac.ed.inf.aqmaps.AppTest" time="0.015" tests="1" errors="0" skipped="0" failures="0">
  <properties>
    <property name="sun.desktop" value="gnome"/>
    <property name="awt.toolkit" value="sun.awt.X11.XToolkit"/>
    <property name="java.specification.version" value="11"/>
    <property name="sun.cpu.isalist" value=""/>
    <property name="sun.jnu.encoding" value="UTF-8"/>
    <property name="java.class.path" value="/home/hwixley/Documents/Year3/ILP/cwk2/aqmaps/target/test-classes:/home/hwixley/Documents/Year3/ILP/cwk2/aqmaps/target/classes:/home/hwixley/.m2/repository/com/mapbox/mapboxsdk/mapbox-sdk-geojson/5.5.0/mapbox-sdk-geojson-5.5.0.jar:/home/hwixley/.m2/repository/com/google/code/gson/gson/2.8.6/gson-2.8.6.jar:/home/hwixley/.m2/repository/junit/junit/4.9/junit-4.9.jar:/home/hwixley/.m2/repository/org/hamcrest/hamcrest-core/1.1/hamcrest-core-1.1.jar:"/>
    <property name="java.vm.vendor" value="Oracle Corporation"/>
    <property name="sun.arch.data.model" value="64"/>
    <property name="java.vendor.url" value="https://openjdk.java.net/"/>
    <property name="user.timezone" value=""/>
    <property name="java.vm.specification.version" value="11"/>
    <property name="os.name" value="Linux"/>
    <property name="sun.java.launcher" value="SUN_STANDARD"/>
    <property name="user.country" value="GB"/>
    <property name="sun.boot.library.path" value="/usr/lib/jvm/jdk-11.0.8/lib"/>
    <property name="sun.java.command" value="/home/hwixley/Documents/Year3/ILP/cwk2/aqmaps/target/surefire/surefirebooter11408555074450364868.jar /home/hwixley/Documents/Year3/ILP/cwk2/aqmaps/target/surefire 2020-12-01T17-06-47_399-jvmRun1 surefire2553655598709921241tmp surefire_012738183335644468099tmp"/>
    <property name="jdk.debug" value="release"/>
    <property name="surefire.test.class.path" value="/home/hwixley/Documents/Year3/ILP/cwk2/aqmaps/target/test-classes:/home/hwixley/Documents/Year3/ILP/cwk2/aqmaps/target/classes:/home/hwixley/.m2/repository/com/mapbox/mapboxsdk/mapbox-sdk-geojson/5.5.0/mapbox-sdk-geojson-5.5.0.jar:/home/hwixley/.m2/repository/com/google/code/gson/gson/2.8.6/gson-2.8.6.jar:/home/hwixley/.m2/repository/junit/junit/4.9/junit-4.9.jar:/home/hwixley/.m2/repository/org/hamcrest/hamcrest-core/1.1/hamcrest-core-1.1.jar:"/>
    <property name="sun.cpu.endian" value="little"/>
    <property name="user.home" value="/home/hwixley"/>
    <property name="user.language" value="en"/>
    <property name="java.specification.vendor" value="Oracle Corporation"/>
    <property name="java.version.date" value="2020-07-14"/>
    <property name="java.home" value="/usr/lib/jvm/jdk-11.0.8"/>
    <property name="file.separator" value="/"/>
    <property name="basedir" value="/home/hwixley/Documents/Year3/ILP/cwk2/aqmaps"/>
    <property name="java.vm.compressedOopsMode" value="Zero based"/>
    <property name="line.separator" value="&#10;"/>
    <property name="java.specification.name" value="Java Platform API Specification"/>
    <property name="java.vm.specification.vendor" value="Oracle Corporation"/>
    <property name="java.awt.graphicsenv" value="sun.awt.X11GraphicsEnvironment"/>
    <property name="surefire.real.class.path" value="/home/hwixley/Documents/Year3/ILP/cwk2/aqmaps/target/surefire/surefirebooter11408555074450364868.jar"/>
    <property name="sun.management.compiler" value="HotSpot 64-Bit Tiered Compilers"/>
    <property name="java.runtime.version" value="11.0.8+10-LTS"/>
    <property name="user.name" value="hwixley"/>
    <property name="path.separator" value=":"/>
    <property name="os.version" value="5.4.0-47-generic"/>
    <property name="java.runtime.name" value="Java(TM) SE Runtime Environment"/>
    <property name="file.encoding" value="UTF-8"/>
    <property name="java.vm.name" value="Java HotSpot(TM) 64-Bit Server VM"/>
    <property name="java.vendor.version" value="18.9"/>
    <property name="localRepository" value="/home/hwixley/.m2/repository"/>
    <property name="java.vendor.url.bug" value="https://bugreport.java.com/bugreport/"/>
    <property name="java.io.tmpdir" value="/tmp"/>
    <property name="java.version" value="11.0.8"/>
    <property name="user.dir" value="/home/hwixley/Documents/Year3/ILP/cwk2/aqmaps"/>
    <property name="os.arch" value="amd64"/>
    <property name="java.vm.specification.name" value="Java Virtual Machine Specification"/>
    <property name="java.awt.printerjob" value="sun.print.PSPrinterJob"/>
    <property name="sun.os.patch.level" value="unknown"/>
    <property name="java.library.path" value="/usr/java/packages/lib:/usr/lib64:/lib64:/lib:/usr/lib"/>
    <property name="java.vendor" value="Oracle Corporation"/>
    <property name="java.vm.info" value="mixed mode"/>
    <property name="java.vm.version" value="11.0.8+10-LTS"/>
    <property name="sun.io.unicode.encoding" value="UnicodeLittle"/>
    <property name="java.class.version" value="55.0"/>
  </properties>
  <testcase name="shouldAnswerWithTrue" classname="uk.ac.ed.inf.aqmaps.AppTest" time="0.001"/>
</testsuite>